<?xml version="1.0" encoding="UTF-8" ?>
<testsuite errors="0" failures="0" hostname="maega" name="com.epucjr.engyos.dominio.crud.ValidadorCPFTest" tests="2" time="0.108" timestamp="2011-02-07T14:07:58">
  <properties>
[...]
</properties>
  <testcase classname="com.epucjr.engyos.dominio.crud.ValidadorCPFTest" name="verificarCPFValido" time="0.0020" />
  <testcase classname="com.epucjr.engyos.dominio.crud.ValidadorCPFTest" name="verificarCPFInvalido" time="0.0" />
  <system-out><![CDATA[]]></system-out>
  <system-err><![CDATA[]]></system-err>
</testsuite>
